<?xml version="1.0" encoding="UTF-8"?>
<!-- Generated by org.testng.reporters.JUnitReportReporter -->
<testsuite hostname="Karthik" name="testcases.pom.TC005_DuplicateLead_POM" tests="2" failures="0" timestamp="2 Aug 2018 03:35:08 GMT" time="241.895" errors="0">
  <testcase name="createLead" time="101.687" classname="testcases.pom.TC005_DuplicateLead_POM"/>
  <testcase name="createLead" time="140.208" classname="testcases.pom.TC005_DuplicateLead_POM"/>
</testsuite> <!-- testcases.pom.TC005_DuplicateLead_POM -->
