<?xml version="1.0" encoding="UTF-8"?>
<!-- Generated by org.testng.reporters.JUnitReportReporter -->
<testsuite hostname="Karthik" name="testcases.pom.TC001_CreateLead_POM" tests="2" failures="0" timestamp="4 Aug 2018 05:10:21 GMT" time="53.201" errors="0">
  <testcase name="createLead" time="24.952" classname="testcases.pom.TC001_CreateLead_POM"/>
  <testcase name="createLead" time="28.249" classname="testcases.pom.TC001_CreateLead_POM"/>
</testsuite> <!-- testcases.pom.TC001_CreateLead_POM -->
