<?xml version="1.0" encoding="UTF-8"?>
<!-- Generated by org.testng.reporters.JUnitReportReporter -->
<testsuite hostname="Karthik" name="testcases.pom.TC003_EditLead_POM" tests="2" failures="0" timestamp="6 Aug 2018 18:41:27 GMT" time="168.573" errors="0">
  <testcase name="createLead" time="85.177" classname="testcases.pom.TC003_EditLead_POM"/>
  <testcase name="createLead" time="83.396" classname="testcases.pom.TC003_EditLead_POM"/>
</testsuite> <!-- testcases.pom.TC003_EditLead_POM -->
