<?xml version="1.0" encoding="UTF-8"?>
<!-- Generated by org.testng.reporters.JUnitReportReporter -->
<testsuite hostname="Karthik" name="testcases.pom.TC002_CreateLeadNEG_POM" tests="3" failures="0" timestamp="29 Jul 2018 07:06:06 GMT" time="80.236" errors="0">
  <testcase name="createLead" time="25.024" classname="testcases.pom.TC002_CreateLeadNEG_POM"/>
  <testcase name="createLead" time="30.950" classname="testcases.pom.TC002_CreateLeadNEG_POM"/>
  <testcase name="createLead" time="24.262" classname="testcases.pom.TC002_CreateLeadNEG_POM"/>
</testsuite> <!-- testcases.pom.TC002_CreateLeadNEG_POM -->
