<?xml version="1.0" encoding="UTF-8"?>
<!-- Generated by org.testng.reporters.JUnitReportReporter -->
<testsuite hostname="Karthik" name="week6.classroom.CreateLeadWithReports" tests="2" failures="0" timestamp="11 Aug 2018 11:51:17 GMT" time="40.821" errors="0">
  <testcase name="createLead" time="17.683" classname="week6.classroom.CreateLeadWithReports"/>
  <testcase name="createLead" time="23.138" classname="week6.classroom.CreateLeadWithReports"/>
</testsuite> <!-- week6.classroom.CreateLeadWithReports -->
