<?xml version="1.0" encoding="UTF-8"?>
<!-- Generated by org.testng.reporters.JUnitReportReporter -->
<testsuite hostname="Karthik" name="wdmethods.testcase.CreateLeadSeImplemented" tests="1" failures="0" timestamp="28 Jul 2018 05:24:36 GMT" time="36.250" errors="0">
  <testcase name="createLead" time="36.250" classname="wdmethods.testcase.CreateLeadSeImplemented"/>
</testsuite> <!-- wdmethods.testcase.CreateLeadSeImplemented -->
